<!DOCTYPE html PUBLIC "-//W3C//DTD XHTML 1.1//EN" "https://www.w3.org/TR/xhtml11/DTD/xhtml11.dtd">
<html xmlns="https://www.w3.org/1999/xhtml">
<head>
<meta http-equiv="content-type" content="text/html; charset=UTF-8"/>
<title>TestNG Report</title>
<style type="text/css">table {margin-bottom:10px;border-collapse:collapse;empty-cells:show}th,td {border:1px solid #009;padding:.25em .5em}th {vertical-align:bottom}td {vertical-align:top}table a {font-weight:bold}.stripe td {background-color: #E6EBF9}.num {text-align:right}.passedodd td {background-color: #3F3}.passedeven td {background-color: #0A0}.skippedodd td {background-color: #DDD}.skippedeven td {background-color: #CCC}.failedodd td,.attn {background-color: #F33}.failedeven td,.stripe .attn {background-color: #D00}.stacktrace {white-space:pre;font-family:monospace}.totop {font-size:85%;text-align:center;border-bottom:2px solid #000}.invisible {display:none}</style>
</head>
<body>
<table>
<tr><th>Test</th><th># Passed</th><th># Skipped</th><th># Retried</th><th># Failed</th><th>Time (ms)</th><th>Included Groups</th><th>Excluded Groups</th></tr>
<tr><th colspan="8">Suite</th></tr>
<tr><td><a href="#t0">Test</a></td><td class="num">4</td><td class="num">0</td><td class="num">0</td><td class="num attn">1</td><td class="num">314,989</td><td></td><td></td></tr>
</table>
<table id='summary'><thead><tr><th>Class</th><th>Method</th><th>Start</th><th>Time (ms)</th></tr></thead><tbody><tr><th colspan="4">Suite</th></tr></tbody><tbody id="t0"><tr><th colspan="4">Test &#8212; failed (configuration methods)</th></tr><tr class="failedeven"><td rowspan="1">selenium_project.selenium_project.Scenarios</td><td><a href="#m0">getResult</a></td><td rowspan="1">1700181955292</td><td rowspan="1">0</td></tr><tr><th colspan="4">Test &#8212; failed</th></tr><tr class="failedeven"><td rowspan="1">selenium_project.selenium_project.Scenarios</td><td><a href="#m1">TestScenario5</a></td><td rowspan="1">1700181872008</td><td rowspan="1">83282</td></tr><tr><th colspan="4">Test &#8212; passed</th></tr><tr class="passedeven"><td rowspan="4">selenium_project.selenium_project.Scenarios</td><td><a href="#m2">TestScenario1</a></td><td rowspan="1">1700181640323</td><td rowspan="1">74221</td></tr><tr class="passedeven"><td><a href="#m3">TestScenario2</a></td><td rowspan="1">1700181714707</td><td rowspan="1">54285</td></tr><tr class="passedeven"><td><a href="#m4">TestScenario3</a></td><td rowspan="1">1700181769022</td><td rowspan="1">56369</td></tr><tr class="passedeven"><td><a href="#m5">TestScenario4</a></td><td rowspan="1">1700181825424</td><td rowspan="1">46553</td></tr></tbody>
</table>
<h2>Test</h2><h3 id="m0">selenium_project.selenium_project.Scenarios#getResult</h3><table class="result"><tr class="param"><th>Parameter #1</th></tr><tr class="param stripe"><td>[TestResult name=TestScenario5 status=FAILURE method=Scenarios.TestScenario5()[pri:4, instance:selenium_project.selenium_project.Scenarios@1aafa419] output={null}]</td></tr><tr><th>Exception</th></tr><tr><td><div class="stacktrace">java.lang.NullPointerException: Cannot invoke &quot;com.aventstack.extentreports.ExtentTest.log(com.aventstack.extentreports.Status, String)&quot; because &quot;this.test&quot; is null
	at selenium_project.selenium_project.Scenarios.getResult(Scenarios.java:62)
	at java.base/java.util.ArrayList.forEach(ArrayList.java:1511)
... Removed 32 stack frames</div></td></tr></table><p class="totop"><a href="#summary">back to summary</a></p>
<h3 id="m1">selenium_project.selenium_project.Scenarios#TestScenario5</h3><table class="result"><tr><th>Exception</th></tr><tr><td><div class="stacktrace">org.openqa.selenium.NoSuchElementException: no such element: Unable to locate element: {&quot;method&quot;:&quot;css selector&quot;,&quot;selector&quot;:&quot;#trumba\.spud\.5&quot;}
  (Session info: chrome=119.0.6045.159)
For documentation on this error, please visit: https://www.selenium.dev/documentation/webdriver/troubleshooting/errors#no-such-element-exception
Build info: version: &apos;4.15.0&apos;, revision: &apos;1d14b5521b&apos;
System info: os.name: &apos;Windows 10&apos;, os.arch: &apos;amd64&apos;, os.version: &apos;10.0&apos;, java.version: &apos;17&apos;
Driver info: org.openqa.selenium.chrome.ChromeDriver
Command: [e5dde2df638bf9f5a46633562a685769, findElement {using=id, value=trumba.spud.5}]
Capabilities {acceptInsecureCerts: false, browserName: chrome, browserVersion: 119.0.6045.159, chrome: {chromedriverVersion: 119.0.6045.105 (38c72552c5e..., userDataDir: C:\Users\rolwy\AppData\Loca...}, fedcm:accounts: true, goog:chromeOptions: {debuggerAddress: localhost:49486}, networkConnectionEnabled: false, pageLoadStrategy: normal, platformName: windows, proxy: Proxy(), se:cdp: ws://localhost:49486/devtoo..., se:cdpVersion: 119.0.6045.159, setWindowRect: true, strictFileInteractability: false, timeouts: {implicit: 0, pageLoad: 300000, script: 30000}, unhandledPromptBehavior: dismiss and notify, webauthn:extension:credBlob: true, webauthn:extension:largeBlob: true, webauthn:extension:minPinLength: true, webauthn:extension:prf: true, webauthn:virtualAuthenticators: true}
Session ID: e5dde2df638bf9f5a46633562a685769
	at org.openqa.selenium.remote.codec.w3c.W3CHttpResponseCodec.createException(W3CHttpResponseCodec.java:200)
	at org.openqa.selenium.remote.codec.w3c.W3CHttpResponseCodec.decode(W3CHttpResponseCodec.java:133)
	at org.openqa.selenium.remote.codec.w3c.W3CHttpResponseCodec.decode(W3CHttpResponseCodec.java:52)
	at org.openqa.selenium.remote.HttpCommandExecutor.execute(HttpCommandExecutor.java:191)
	at org.openqa.selenium.remote.service.DriverCommandExecutor.invokeExecute(DriverCommandExecutor.java:200)
	at org.openqa.selenium.remote.service.DriverCommandExecutor.execute(DriverCommandExecutor.java:175)
	at org.openqa.selenium.remote.RemoteWebDriver.execute(RemoteWebDriver.java:607)
	at org.openqa.selenium.remote.ElementLocation$ElementFinder$2.findElement(ElementLocation.java:165)
	at org.openqa.selenium.remote.ElementLocation.findElement(ElementLocation.java:59)
	at org.openqa.selenium.remote.RemoteWebDriver.findElement(RemoteWebDriver.java:364)
	at org.openqa.selenium.remote.RemoteWebDriver.findElement(RemoteWebDriver.java:358)
	at selenium_project.selenium_project.Scenario5.scenario5(Scenario5.java:207)
	at selenium_project.selenium_project.Scenarios.TestScenario5(Scenarios.java:56)
	at java.base/java.util.ArrayList.forEach(ArrayList.java:1511)
... Removed 31 stack frames</div></td></tr></table><p class="totop"><a href="#summary">back to summary</a></p>
<h3 id="m2">selenium_project.selenium_project.Scenarios#TestScenario1</h3><table class="result"><tr><th>Messages</th></tr><tr><td><div class="messages">Hub Homepage URL Success - <b>Actual:</b> https://about.me.northeastern.edu/home/
 <b>Expected:</b> https://about.me.northeastern.edu/home/<br/>Student hub Assertion Success - <b>Actual:</b> https://northeastern.sharepoint.com/sites/StudentHub
 <b>Expected:</b> https://northeastern.sharepoint.com/sites/StudentHub</div></td></tr></table><p class="totop"><a href="#summary">back to summary</a></p>
<h3 id="m3">selenium_project.selenium_project.Scenarios#TestScenario2</h3><table class="result"><tr><th>Messages</th></tr><tr><td><div class="messages">Calendar Tab icon title Assertion Success - <b>Actual:</b> Calendar,
 <b>Expected: </b>Calendar</div></td></tr></table><p class="totop"><a href="#summary">back to summary</a></p>
<h3 id="m4">selenium_project.selenium_project.Scenarios#TestScenario3</h3><table class="result"><tr><th>Messages</th></tr><tr><td><div class="messages">Assertion (Classroom is present) - <b>Actual:</b> 007 Behrakis Health Sciences Center, 
 <b>Expected: </b>007 Behrakis Health Sciences Center<br>NUflex Auto</div></td></tr></table><p class="totop"><a href="#summary">back to summary</a></p>
<h3 id="m5">selenium_project.selenium_project.Scenarios#TestScenario4</h3><table class="result"><tr><th>Messages</th></tr><tr><td><div class="messages">Assertion (Zip Button is present) - <b>Actual:</b> true, 
 <b>Expected: </b>true</div></td></tr></table><p class="totop"><a href="#summary">back to summary</a></p>
</body>
</html>
